<?xml version="1.0" encoding="UTF-8"?>
<!-- Generated by org.testng.reporters.JUnitXMLReporter -->
<testsuite hostname="SACHIN-PC" ignored="0" name="Free CRM App Test Cases" tests="13" failures="0" timestamp="07 Mar 2019 12:29:27 GMT" time="739.451" errors="0">
  <testcase name="loginPageTileTest" time="0.226" classname="com.crm.qa.testcases.LoginPageTest"/>
  <testcase name="verifyHomePageTitleTest" time="0.035" classname="com.crm.qa.testcases.HomePageTest"/>
  <testcase name="verifyContactsPageLabelTest" time="0.189" classname="com.crm.qa.testcases.ContactsPageTest"/>
  <testcase name="crmLogoImageTest" time="0.329" classname="com.crm.qa.testcases.LoginPageTest"/>
  <testcase name="verifyUserTest" time="0.489" classname="com.crm.qa.testcases.HomePageTest"/>
  <testcase name="selectContactsTest" time="0.63" classname="com.crm.qa.testcases.ContactsPageTest"/>
  <testcase name="loginTest" time="21.308" classname="com.crm.qa.testcases.LoginPageTest"/>
  <testcase name="verifyContactsPageLink" time="3.555" classname="com.crm.qa.testcases.HomePageTest"/>
  <testcase name="selectMultiPleContactsTest" time="1.166" classname="com.crm.qa.testcases.ContactsPageTest"/>
  <testcase name="validateCreateNewContacts" time="15.321" classname="com.crm.qa.testcases.ContactsPageTest"/>
  <testcase name="validateCreateNewContacts" time="22.42" classname="com.crm.qa.testcases.ContactsPageTest"/>
  <testcase name="validateCreateNewContacts" time="15.366" classname="com.crm.qa.testcases.ContactsPageTest"/>
  <testcase name="validateCreateNewContacts" time="13.745" classname="com.crm.qa.testcases.ContactsPageTest"/>
</testsuite> <!-- Free CRM App Test Cases -->
