<?xml version="1.0" encoding="UTF-8"?>
<!-- Generated by org.testng.reporters.JUnitXMLReporter -->
<testsuite hostname="SACHIN-PC" ignored="0" name="Command line test" tests="3" failures="0" timestamp="09 Mar 2019 09:06:46 GMT" time="129.888" errors="0">
  <testcase name="verifyContactsPageLabelTest" time="0.299" classname="com.crm.qa.testcases.ContactsPageTest"/>
  <testcase name="verifyHomePageTitleTest" time="0.048" classname="com.crm.qa.testcases.HomePageTest"/>
  <testcase name="loginPageTileTest" time="0.152" classname="com.crm.qa.testcases.LoginPageTest"/>
</testsuite> <!-- Command line test -->
