<?xml version="1.0" encoding="UTF-8"?>
<testng-results skipped="0" failed="0" ignored="0" total="3" passed="3">
  <reporter-output>
  </reporter-output>
  <suite name="Command line suite" duration-ms="129888" started-at="2019-03-09T09:04:35Z" finished-at="2019-03-09T09:06:45Z">
    <groups>
    </groups>
    <test name="Command line test" duration-ms="129888" started-at="2019-03-09T09:04:35Z" finished-at="2019-03-09T09:06:45Z">
      <class name="com.crm.qa.testcases.HomePageTest">
        <test-method status="PASS" signature="setUp()[pri:0, instance:com.crm.qa.testcases.HomePageTest@7471b5]" name="setUp" is-config="true" duration-ms="36591" started-at="2019-03-09T09:05:48Z" finished-at="2019-03-09T09:06:24Z">
          <reporter-output>
          </reporter-output>
        </test-method> <!-- setUp -->
        <test-method status="PASS" signature="verifyHomePageTitleTest()[pri:1, instance:com.crm.qa.testcases.HomePageTest@7471b5]" name="verifyHomePageTitleTest" duration-ms="48" started-at="2019-03-09T09:06:24Z" finished-at="2019-03-09T09:06:24Z">
          <reporter-output>
          </reporter-output>
        </test-method> <!-- verifyHomePageTitleTest -->
        <test-method status="PASS" signature="tearDown()[pri:0, instance:com.crm.qa.testcases.HomePageTest@7471b5]" name="tearDown" is-config="true" duration-ms="1228" started-at="2019-03-09T09:06:24Z" finished-at="2019-03-09T09:06:26Z">
          <reporter-output>
          </reporter-output>
        </test-method> <!-- tearDown -->
      </class> <!-- com.crm.qa.testcases.HomePageTest -->
      <class name="com.crm.qa.testcases.ContactsPageTest">
        <test-method status="PASS" signature="setUp()[pri:0, instance:com.crm.qa.testcases.ContactsPageTest@167135c]" name="setUp" is-config="true" duration-ms="70499" started-at="2019-03-09T09:04:36Z" finished-at="2019-03-09T09:05:46Z">
          <reporter-output>
          </reporter-output>
        </test-method> <!-- setUp -->
        <test-method status="PASS" signature="verifyContactsPageLabelTest()[pri:1, instance:com.crm.qa.testcases.ContactsPageTest@167135c]" name="verifyContactsPageLabelTest" duration-ms="299" started-at="2019-03-09T09:05:46Z" finished-at="2019-03-09T09:05:46Z">
          <reporter-output>
          </reporter-output>
        </test-method> <!-- verifyContactsPageLabelTest -->
        <test-method status="PASS" signature="tearDown()[pri:0, instance:com.crm.qa.testcases.ContactsPageTest@167135c]" name="tearDown" is-config="true" duration-ms="1206" started-at="2019-03-09T09:05:46Z" finished-at="2019-03-09T09:05:48Z">
          <reporter-output>
          </reporter-output>
        </test-method> <!-- tearDown -->
      </class> <!-- com.crm.qa.testcases.ContactsPageTest -->
      <class name="com.crm.qa.testcases.LoginPageTest">
        <test-method status="PASS" signature="setUp()[pri:0, instance:com.crm.qa.testcases.LoginPageTest@157f54e]" name="setUp" is-config="true" duration-ms="18364" started-at="2019-03-09T09:06:26Z" finished-at="2019-03-09T09:06:44Z">
          <reporter-output>
          </reporter-output>
        </test-method> <!-- setUp -->
        <test-method status="PASS" signature="loginPageTileTest()[pri:1, instance:com.crm.qa.testcases.LoginPageTest@157f54e]" name="loginPageTileTest" duration-ms="152" started-at="2019-03-09T09:06:44Z" finished-at="2019-03-09T09:06:44Z">
          <reporter-output>
          </reporter-output>
        </test-method> <!-- loginPageTileTest -->
        <test-method status="PASS" signature="tearDown()[pri:0, instance:com.crm.qa.testcases.LoginPageTest@157f54e]" name="tearDown" is-config="true" duration-ms="1295" started-at="2019-03-09T09:06:44Z" finished-at="2019-03-09T09:06:45Z">
          <reporter-output>
          </reporter-output>
        </test-method> <!-- tearDown -->
      </class> <!-- com.crm.qa.testcases.LoginPageTest -->
    </test> <!-- Command line test -->
  </suite> <!-- Command line suite -->
</testng-results>
